"C:/Users/??????/Documents/Unreal Projects/ue4snake/Snake.uproject" 1
"../../../Engine/Plugins/2D/Paper2D/Paper2D.uplugin" 2
"../../../Engine/Plugins/Developer/BlankPlugin/BlankPlugin.uplugin" 3
"../../../Engine/Plugins/Developer/GitSourceControl/GitSourceControl.uplugin" 4
"../../../Engine/Plugins/Developer/KDevelopSourceCodeAccess/KDevelopSourceCodeAccess.uplugin" 5
"../../../Engine/Plugins/Developer/PerforceSourceControl/PerforceSourceControl.uplugin" 6
"../../../Engine/Plugins/Developer/SubversionSourceControl/SubversionSourceControl.uplugin" 7
"../../../Engine/Plugins/Developer/UObjectPlugin/UObjectPlugin.uplugin" 8
"../../../Engine/Plugins/Developer/VisualStudioSourceCodeAccess/VisualStudioSourceCodeAccess.uplugin" 9
"../../../Engine/Plugins/Developer/XCodeSourceCodeAccess/XCodeSourceCodeAccess.uplugin" 10
"../../../Engine/Plugins/Editor/EpicSurvey/EpicSurvey.uplugin" 11
"../../../Engine/Plugins/Editor/MacGraphicsSwitching/MacGraphicsSwitching.uplugin" 12
"../../../Engine/Plugins/Editor/PluginsEditor/PluginsEditor.uplugin" 13
"../../../Engine/Plugins/Editor/SpeedTreeImporter/SpeedTreeImporter.uplugin" 14
"../../../Engine/Plugins/Experimental/BlueprintStats/BlueprintStats.uplugin" 15
"../../../Engine/Plugins/Experimental/CharacterAI/CharacterAI.uplugin" 16
"../../../Engine/Plugins/Experimental/CodeView/CodeView.uplugin" 17
"../../../Engine/Plugins/Experimental/LiveEditor/LiveEditor.uplugin" 18
"../../../Engine/Plugins/Experimental/Phya/Phya.uplugin" 19
"../../../Engine/Plugins/Experimental/SimpleHMD/SimpleHMD.uplugin" 20
"../../../Engine/Plugins/Experimental/SteamVR/SteamVR.uplugin" 21
"../../../Engine/Plugins/Media/AndroidMedia/AndroidMedia.uplugin" 22
"../../../Engine/Plugins/Media/AvfMedia/AvfMedia.uplugin" 23
"../../../Engine/Plugins/Media/MediaPlayerEditor/MediaPlayerEditor.uplugin" 24
"../../../Engine/Plugins/Media/WmfMedia/WmfMedia.uplugin" 25
"../../../Engine/Plugins/Messaging/MessagingDebugger/MessagingDebugger.uplugin" 26
"../../../Engine/Plugins/Messaging/ShmMessaging/ShmMessaging.uplugin" 27
"../../../Engine/Plugins/Messaging/UdpMessaging/UdpMessaging.uplugin" 28
"../../../Engine/Plugins/Runtime/Advertising/IOSTapJoy/IOSTapJoy.uplugin" 29
"../../../Engine/Plugins/Runtime/Analytics/AnalyticsBlueprintLibrary/AnalyticsBlueprintLibrary.uplugin" 30
"../../../Engine/Plugins/Runtime/Analytics/Apsalar/IOSApsalar/IOSApsalar.uplugin" 31
"../../../Engine/Plugins/Runtime/Analytics/FileLogging/FileLogging.uplugin" 32
"../../../Engine/Plugins/Runtime/AndroidDeviceProfileSelector/AndroidDeviceProfileSelector.uplugin" 33
"../../../Engine/Plugins/Runtime/AndroidMoviePlayer/AndroidMoviePlayer.uplugin" 34
"../../../Engine/Plugins/Runtime/AppleMoviePlayer/AppleMoviePlayer.uplugin" 35
"../../../Engine/Plugins/Runtime/CableComponent/CableComponent.uplugin" 36
"../../../Engine/Plugins/Runtime/CustomMeshComponent/CustomMeshComponent.uplugin" 37
"../../../Engine/Plugins/Runtime/ExampleDeviceProfileSelector/ExampleDeviceProfileSelector.uplugin" 38
"../../../Engine/Plugins/Runtime/GearVR/GearVR.uplugin" 39
"../../../Engine/Plugins/Runtime/IOSDeviceProfileSelector/IOSDeviceProfileSelector.uplugin" 40
"../../../Engine/Plugins/Runtime/LiveEditorListenServer/LiveEditorListenServer.uplugin" 41
"../../../Engine/Plugins/Runtime/OculusRift/OculusRift.uplugin" 42
"../../../Engine/Plugins/Runtime/SoundMod/SoundMod.uplugin" 43
"../../../Engine/Plugins/Runtime/SoundVisualizations/SoundVisualizations.uplugin" 44
"../../../Engine/Plugins/Runtime/TwitchLiveStreaming/TwitchLiveStreaming.uplugin" 45
"../../../Engine/Plugins/Runtime/WebBrowserAsPlugin/WebBrowserAsPlugin.uplugin" 46
"../../../Engine/Plugins/Runtime/WindowsDeviceProfileSelector/WindowsDeviceProfileSelector.uplugin" 47
"../../../Engine/Plugins/Runtime/WindowsMoviePlayer/WindowsMoviePlayer.uplugin" 48
"../../../Engine/Plugins/ScriptGeneratorPlugin/ScriptGeneratorPlugin.uplugin" 49
"../../../Engine/Plugins/ScriptPlugin/ScriptPlugin.uplugin" 50
"../../../Engine/Plugins/Slate/SlateRemote/SlateRemote.uplugin" 51
"..\..\..\Engine\Content\Internationalization\icudt53l\cnvalias.icu" 52
"..\..\..\Engine\Content\Internationalization\icudt53l\en_US_POSIX.res" 53
"..\..\..\Engine\Content\Internationalization\icudt53l\pool.res" 54
"..\..\..\Engine\Content\Internationalization\icudt53l\en_US.res" 55
"..\..\..\Engine\Content\Internationalization\icudt53l\en.res" 56
"..\..\..\Engine\Content\Internationalization\icudt53l\root.res" 57
"..\..\..\Engine\Content\Internationalization\icudt53l\coll\ucadata.icu" 58
"..\..\..\Engine\Content\Internationalization\icudt53l\nfc.nrm" 59
"..\..\..\Engine\Content\Internationalization\icudt53l\coll\en_US_POSIX.res" 60
"..\..\..\Engine\Content\Internationalization\icudt53l\coll\en_US.res" 61
"..\..\..\Engine\Content\Internationalization\icudt53l\coll\en.res" 62
"..\..\..\Engine\Content\Internationalization\icudt53l\coll\root.res" 63
"..\..\..\Engine\Content\Internationalization\icudt53l\numberingSystems.res" 64
"..\..\..\Engine\Content\Internationalization\icudt53l\curr\supplementalData.res" 65
"..\..\..\Engine\Content\Internationalization\icudt53l\curr\pool.res" 66
"..\..\..\Engine\Content\Internationalization\icudt53l\curr\en.res" 67
"..\..\..\Engine\Content\Internationalization\icudt53l\curr\root.res" 68
"..\..\..\Engine\Content\Internationalization\icudt53l\ru_RU.res" 69
"..\..\..\Engine\Content\Internationalization\icudt53l\ru.res" 70
"..\..\..\Engine\Content\Internationalization\icudt53l\plurals.res" 71
"..\..\..\Engine\Content\Internationalization\icudt53l\windowsZones.res" 72
"..\..\..\Engine\Content\Internationalization\icudt53l\zoneinfo64.res" 73
"..\..\..\Engine\Content\Internationalization\icudt53l\keyTypeData.res" 74
"..\..\..\Engine\Content\Internationalization\icudt53l\timezoneTypes.res" 75
"..\..\..\Engine\Content\Internationalization\icudt53l\supplementalData.res" 76
"..\..\..\Engine\Content\Internationalization\icudt53l\likelySubtags.res" 77
"..\..\..\Engine\Content\Internationalization\icudt53l\coll\ru.res" 78
"..\..\..\Engine\Content\Internationalization\icudt53l\curr\ru.res" 79
"../../../Engine/Config/Base.ini" 80
"../../../Engine/Config/BaseEngine.ini" 81
"../../../../../../Users/??????/Documents/Unreal Projects/ue4snake/Config/DefaultEngine.ini" 82
"../../../Engine/Config/Windows/WindowsEngine.ini" 83
"C:/Users/??????/Documents/Unreal Projects/ue4snake/Saved/Config/Windows/Engine.ini" 84
"../../../../../../Users/??????/Documents/Unreal Projects/ue4snake/Intermediate/Config/CoalescedSourceConfigs/Engine.ini" 85
"../../../Engine/Config/BaseGame.ini" 86
"../../../../../../Users/??????/Documents/Unreal Projects/ue4snake/Config/DefaultGame.ini" 87
"C:/Users/??????/Documents/Unreal Projects/ue4snake/Saved/Config/Windows/Game.ini" 88
"../../../../../../Users/??????/Documents/Unreal Projects/ue4snake/Intermediate/Config/CoalescedSourceConfigs/Game.ini" 89
"../../../Engine/Config/BaseInput.ini" 90
"../../../../../../Users/??????/Documents/Unreal Projects/ue4snake/Config/DefaultInput.ini" 91
"C:/Users/??????/Documents/Unreal Projects/ue4snake/Saved/Config/Windows/Input.ini" 92
"../../../../../../Users/??????/Documents/Unreal Projects/ue4snake/Intermediate/Config/CoalescedSourceConfigs/Input.ini" 93
"../../../Engine/Config/BaseEditor.ini" 94
"../../../../../../Users/??????/Documents/Unreal Projects/ue4snake/Config/DefaultEditor.ini" 95
"C:/Users/??????/Documents/Unreal Projects/ue4snake/Saved/Config/Windows/Editor.ini" 96
"../../../../../../Users/??????/Documents/Unreal Projects/ue4snake/Intermediate/Config/CoalescedSourceConfigs/Editor.ini" 97
"../../../Engine/Config/BaseEditorLayout.ini" 98
"C:/Users/??????/Documents/Unreal Projects/ue4snake/Saved/Config/Windows/EditorLayout.ini" 99
"../../../../../../Users/??????/Documents/Unreal Projects/ue4snake/Intermediate/Config/CoalescedSourceConfigs/EditorLayout.ini" 100
"../../../Engine/Config/BaseEditorUserSettings.ini" 101
"C:/Users/??????/Documents/Unreal Projects/ue4snake/Saved/Config/Windows/EditorUserSettings.ini" 102
"../../../../../../Users/??????/Documents/Unreal Projects/ue4snake/Intermediate/Config/CoalescedSourceConfigs/EditorUserSettings.ini" 103
"../../../Engine/Config/BaseEditorKeyBindings.ini" 104
"C:/Users/??????/Documents/Unreal Projects/ue4snake/Saved/Config/Windows/EditorKeyBindings.ini" 105
"../../../../../../Users/??????/Documents/Unreal Projects/ue4snake/Intermediate/Config/CoalescedSourceConfigs/EditorKeyBindings.ini" 106
"../../../Engine/Config/BaseCompat.ini" 107
"C:/Users/??????/Documents/Unreal Projects/ue4snake/Saved/Config/Windows/Compat.ini" 108
"../../../../../../Users/??????/Documents/Unreal Projects/ue4snake/Intermediate/Config/CoalescedSourceConfigs/Compat.ini" 109
"../../../Engine/Config/BaseLightmass.ini" 110
"C:/Users/??????/Documents/Unreal Projects/ue4snake/Saved/Config/Windows/Lightmass.ini" 111
"../../../../../../Users/??????/Documents/Unreal Projects/ue4snake/Intermediate/Config/CoalescedSourceConfigs/Lightmass.ini" 112
"../../../Engine/Config/BaseScalability.ini" 113
"C:/Users/??????/Documents/Unreal Projects/ue4snake/Saved/Config/Windows/Scalability.ini" 114
"../../../../../../Users/??????/Documents/Unreal Projects/ue4snake/Intermediate/Config/CoalescedSourceConfigs/Scalability.ini" 115
"C:/Users/??????/Documents/Unreal Projects/ue4snake/Saved/Config/Windows/GameUserSettings.ini" 116
"../../../../../../Users/??????/Documents/Unreal Projects/ue4snake/Intermediate/Config/CoalescedSourceConfigs/GameUserSettings.ini" 117
"../../../Engine/Config/BaseDeviceProfiles.ini" 118
"C:/Users/??????/Documents/Unreal Projects/ue4snake/Saved/Config/Windows/DeviceProfiles.ini" 119
"../../../../../../Users/??????/Documents/Unreal Projects/ue4snake/Intermediate/Config/CoalescedSourceConfigs/DeviceProfiles.ini" 120
"../../../Engine/Config/ConsoleVariables.ini" 121
"..\..\..\Engine\Content\Internationalization\icudt53l\es.res" 122
"..\..\..\Engine\Content\Internationalization\icudt53l\coll\es.res" 123
"..\..\..\Engine\Content\Internationalization\icudt53l\curr\es.res" 124
"..\..\..\Engine\Content\Internationalization\icudt53l\es_ES.res" 125
"..\..\..\Engine\Content\Internationalization\icudt53l\ja.res" 126
"..\..\..\Engine\Content\Internationalization\icudt53l\coll\ja.res" 127
"..\..\..\Engine\Content\Internationalization\icudt53l\curr\ja.res" 128
"..\..\..\Engine\Content\Internationalization\icudt53l\ja_JP.res" 129
"..\..\..\Engine\Content\Internationalization\icudt53l\ko.res" 130
"..\..\..\Engine\Content\Internationalization\icudt53l\coll\ko.res" 131
"..\..\..\Engine\Content\Internationalization\icudt53l\curr\ko.res" 132
"..\..\..\Engine\Content\Internationalization\icudt53l\ko_KR.res" 133
"..\..\..\Engine\Content\Internationalization\icudt53l\pt_BR.res" 134
"..\..\..\Engine\Content\Internationalization\icudt53l\pt.res" 135
"..\..\..\Engine\Content\Internationalization\icudt53l\coll\pt.res" 136
"..\..\..\Engine\Content\Internationalization\icudt53l\curr\pt.res" 137
"..\..\..\Engine\Content\Internationalization\icudt53l\zh_CN.res" 138
"..\..\..\Engine\Content\Internationalization\icudt53l\zh_Hans_CN.res" 139
"..\..\..\Engine\Content\Internationalization\icudt53l\zh_Hans.res" 140
"..\..\..\Engine\Content\Internationalization\icudt53l\zh.res" 141
"..\..\..\Engine\Content\Internationalization\icudt53l\coll\zh_CN.res" 142
"..\..\..\Engine\Content\Internationalization\icudt53l\coll\zh_Hans_CN.res" 143
"..\..\..\Engine\Content\Internationalization\icudt53l\coll\zh_Hans.res" 144
"..\..\..\Engine\Content\Internationalization\icudt53l\coll\zh.res" 145
"..\..\..\Engine\Content\Internationalization\icudt53l\curr\zh_CN.res" 146
"..\..\..\Engine\Content\Internationalization\icudt53l\curr\zh_Hans_CN.res" 147
"..\..\..\Engine\Content\Internationalization\icudt53l\curr\zh_Hans.res" 148
"..\..\..\Engine\Content\Internationalization\icudt53l\curr\zh.res" 149
"C:/Program Files/Epic Games/4.7/Engine/Content/Localization/Engine/en/Engine.locres" 150
"C:/Program Files/Epic Games/4.7/Engine/Content/Localization/Editor/en/Editor.locres" 151
"C:/Program Files/Epic Games/4.7/Engine/Content/Localization/EditorTutorials/en/EditorTutorials.locres" 152
"../../../Engine/Content/Slate/Fonts/Roboto-Regular.ttf" 153
"../../../Engine/Content/Slate/Fonts/DroidSansMono.ttf" 154
"../../../Engine/Content/Slate/Fonts/Roboto-Bold.ttf" 155
"../../../Engine/Content/Slate/Fonts/Roboto-Light.ttf" 156
"C:/Program Files/Epic Games/4.7/Engine/Binaries/Win64/../../../Engine/Shaders/ParticleSpriteVertexFactory.usf" 157
"C:/Program Files/Epic Games/4.7/Engine/Binaries/Win64/../../../Engine/Shaders/VertexFactoryCommon.usf" 158
"C:/Program Files/Epic Games/4.7/Engine/Binaries/Win64/../../../Engine/Shaders/Common.usf" 159
"C:/Program Files/Epic Games/4.7/Engine/Binaries/Win64/../../../Engine/Shaders/MetalCommon.usf" 160
"C:/Program Files/Epic Games/4.7/Engine/Binaries/Win64/../../../Engine/Shaders/ShaderVersion.usf" 161
"C:/Program Files/Epic Games/4.7/Engine/Binaries/Win64/../../../Engine/Shaders/Definitions.usf" 162
"C:/Program Files/Epic Games/4.7/Engine/Binaries/Win64/../../../Engine/Shaders/Random.usf" 163
"C:/Program Files/Epic Games/4.7/Engine/Binaries/Win64/../../../Engine/Shaders/ParticleVertexFactoryCommon.usf" 164
"C:/Program Files/Epic Games/4.7/Engine/Binaries/Win64/../../../Engine/Shaders/ParticleGPUSpriteVertexFactory.usf" 165
"C:/Program Files/Epic Games/4.7/Engine/Binaries/Win64/../../../Engine/Shaders/ParticleBeamTrailVertexFactory.usf" 166
"C:/Program Files/Epic Games/4.7/Engine/Binaries/Win64/../../../Engine/Shaders/VectorFieldVisualizationVertexFactory.usf" 167
"C:/Program Files/Epic Games/4.7/Engine/Binaries/Win64/../../../Engine/Shaders/LocalVertexFactory.usf" 168
"C:/Program Files/Epic Games/4.7/Engine/Binaries/Win64/../../../Engine/Shaders/LocalVertexFactoryCommon.usf" 169
"C:/Program Files/Epic Games/4.7/Engine/Binaries/Win64/../../../Engine/Shaders/MeshParticleVertexFactory.usf" 170
"C:/Program Files/Epic Games/4.7/Engine/Binaries/Win64/../../../Engine/Shaders/GpuSkinVertexFactory.usf" 171
"C:/Program Files/Epic Games/4.7/Engine/Binaries/Win64/../../../Engine/Shaders/GpuSkinCacheCommon.usf" 172
"C:/Program Files/Epic Games/4.7/Engine/Binaries/Win64/../../../Engine/Shaders/LandscapeVertexFactory.usf" 173
"C:/Program Files/Epic Games/4.7/Engine/Binaries/Win64/../../../Engine/Shaders/SlateElementPixelShader.usf" 174
"C:/Program Files/Epic Games/4.7/Engine/Binaries/Win64/../../../Engine/Shaders/MaterialTemplate.usf" 175
"C:/Program Files/Epic Games/4.7/Engine/Binaries/Win64/../../../Engine/Shaders/DepthOfFieldCommon.usf" 176
"C:/Program Files/Epic Games/4.7/Engine/Binaries/Win64/../../../Engine/Shaders/SpeedTreeCommon.usf" 177
"C:/Program Files/Epic Games/4.7/Engine/Binaries/Win64/../../../Engine/Shaders/AtmosphereCommon.usf" 178
"C:/Program Files/Epic Games/4.7/Engine/Binaries/Win64/../../../Engine/Shaders/PostProcessCommon.usf" 179
"C:/Program Files/Epic Games/4.7/Engine/Binaries/Win64/../../../Engine/Shaders/DeferredShadingCommon.usf" 180
"C:/Program Files/Epic Games/4.7/Engine/Binaries/Win64/../../../Engine/Shaders/LightAccumulator.usf" 181
"C:/Program Files/Epic Games/4.7/Engine/Binaries/Win64/../../../Engine/Shaders/SlateVertexShader.usf" 182
"C:/Program Files/Epic Games/4.7/Engine/Binaries/Win64/../../../Engine/Shaders/OneColorShader.usf" 183
"C:/Program Files/Epic Games/4.7/Engine/Binaries/Win64/../../../Engine/Shaders/ResolveVertexShader.usf" 184
"C:/Program Files/Epic Games/4.7/Engine/Binaries/Win64/../../../Engine/Shaders/ResolvePixelShader.usf" 185
"C:/Program Files/Epic Games/4.7/Engine/Binaries/Win64/../../../Engine/Shaders/VisualizeTexture.usf" 186
"C:/Program Files/Epic Games/4.7/Engine/Binaries/Win64/../../../Engine/Shaders/ScreenSpaceReflections.usf" 187
"C:/Program Files/Epic Games/4.7/Engine/Binaries/Win64/../../../Engine/Shaders/BRDF.usf" 188
"C:/Program Files/Epic Games/4.7/Engine/Binaries/Win64/../../../Engine/Shaders/MonteCarlo.usf" 189
"C:/Program Files/Epic Games/4.7/Engine/Binaries/Win64/../../../Engine/Shaders/FilterVertexShader.usf" 190
"C:/Program Files/Epic Games/4.7/Engine/Binaries/Win64/../../../Engine/Shaders/FilterPixelShader.usf" 191
"C:/Program Files/Epic Games/4.7/Engine/Binaries/Win64/../../../Engine/Shaders/PostProcessVisualizeHDR.usf" 192
"C:/Program Files/Epic Games/4.7/Engine/Binaries/Win64/../../../Engine/Shaders/PostProcessHistogramCommon.usf" 193
"C:/Program Files/Epic Games/4.7/Engine/Binaries/Win64/../../../Engine/Shaders/TonemapCommon.usf" 194
"C:/Program Files/Epic Games/4.7/Engine/Binaries/Win64/../../../Engine/Shaders/MiniFontCommon.usf" 195
"C:/Program Files/Epic Games/4.7/Engine/Binaries/Win64/../../../Engine/Shaders/PostProcessVisualizeBuffer.usf" 196
"C:/Program Files/Epic Games/4.7/Engine/Binaries/Win64/../../../Engine/Shaders/PostProcessUpscale.usf" 197
"C:/Program Files/Epic Games/4.7/Engine/Binaries/Win64/../../../Engine/Shaders/PostProcessTonemap.usf" 198
"C:/Program Files/Epic Games/4.7/Engine/Binaries/Win64/../../../Engine/Shaders/PostProcessTestImage.usf" 199
"C:/Program Files/Epic Games/4.7/Engine/Binaries/Win64/../../../Engine/Shaders/PostProcessTemporalAA.usf" 200
"C:/Program Files/Epic Games/4.7/Engine/Binaries/Win64/../../../Engine/Shaders/PostProcessTemporalCommon.usf" 201
"C:/Program Files/Epic Games/4.7/Engine/Binaries/Win64/../../../Engine/Shaders/PostProcessSubsurface.usf" 202
"C:/Program Files/Epic Games/4.7/Engine/Binaries/Win64/../../../Engine/Shaders/SeparableSSS.usf" 203
"C:/Program Files/Epic Games/4.7/Engine/Binaries/Win64/../../../Engine/Shaders/PostProcessSelectionOutline.usf" 204
"C:/Program Files/Epic Games/4.7/Engine/Binaries/Win64/../../../Engine/Shaders/PostProcessSceneColorFringe.usf" 205
"C:/Program Files/Epic Games/4.7/Engine/Binaries/Win64/../../../Engine/Shaders/PostProcessNoiseBlur.usf" 206
"C:/Program Files/Epic Games/4.7/Engine/Binaries/Win64/../../../Engine/Shaders/PostProcessMotionBlur.usf" 207
"C:/Program Files/Epic Games/4.7/Engine/Binaries/Win64/../../../Engine/Shaders/MorpheusInclude.usf" 208
"C:/Program Files/Epic Games/4.7/Engine/Binaries/Win64/../../../Engine/Shaders/PostProcessMobile.usf" 209
"C:/Program Files/Epic Games/4.7/Engine/Binaries/Win64/../../../Engine/Shaders/PostProcessMaterialShaders.usf" 210
"C:/Program Files/Epic Games/4.7/Engine/Binaries/Win64/../../../Engine/Shaders/PostProcessLensFlares.usf" 211
"C:/Program Files/Epic Games/4.7/Engine/Binaries/Win64/../../../Engine/Shaders/PostProcessLensBlur.usf" 212
"C:/Program Files/Epic Games/4.7/Engine/Binaries/Win64/../../../Engine/Shaders/PostProcessBloom.usf" 213
"C:/Program Files/Epic Games/4.7/Engine/Binaries/Win64/../../../Engine/Shaders/PostProcessHMD.usf" 214
"C:/Program Files/Epic Games/4.7/Engine/Binaries/Win64/../../../Engine/Shaders/PostProcessHistogramReduce.usf" 215
"C:/Program Files/Epic Games/4.7/Engine/Binaries/Win64/../../../Engine/Shaders/PostProcessHistogram.usf" 216
"C:/Program Files/Epic Games/4.7/Engine/Binaries/Win64/../../../Engine/Shaders/PostProcessGBufferHints.usf" 217
"C:/Program Files/Epic Games/4.7/Engine/Binaries/Win64/../../../Engine/Shaders/PostProcessEyeAdaptation.usf" 218
"C:/Program Files/Epic Games/4.7/Engine/Binaries/Win64/../../../Engine/Shaders/PostProcessDownsample.usf" 219
"C:/Program Files/Epic Games/4.7/Engine/Binaries/Win64/../../../Engine/Shaders/PostProcessDOF.usf" 220
"C:/Program Files/Epic Games/4.7/Engine/Binaries/Win64/../../../Engine/Shaders/PostProcessCompositeEditorPrimitives.usf" 221
"C:/Program Files/Epic Games/4.7/Engine/Binaries/Win64/../../../Engine/Shaders/PostProcessCombineLUTs.usf" 222
"C:/Program Files/Epic Games/4.7/Engine/Binaries/Win64/../../../Engine/Shaders/PostProcessBusyWait.usf" 223
"C:/Program Files/Epic Games/4.7/Engine/Binaries/Win64/../../../Engine/Shaders/PostProcessBokehDOF.usf" 224
"C:/Program Files/Epic Games/4.7/Engine/Binaries/Win64/../../../Engine/Shaders/FXAAShader.usf" 225
"C:/Program Files/Epic Games/4.7/Engine/Binaries/Win64/../../../Engine/Shaders/Fxaa3_11.usf" 226
"C:/Program Files/Epic Games/4.7/Engine/Binaries/Win64/../../../Engine/Shaders/PostProcessPassThrough.usf" 227
"C:/Program Files/Epic Games/4.7/Engine/Binaries/Win64/../../../Engine/Shaders/PostProcessLpvIndirect.usf" 228
"C:/Program Files/Epic Games/4.7/Engine/Binaries/Win64/../../../Engine/Shaders/DeferredLightingCommon.usf" 229
"C:/Program Files/Epic Games/4.7/Engine/Binaries/Win64/../../../Engine/Shaders/DynamicLightingCommon.usf" 230
"C:/Program Files/Epic Games/4.7/Engine/Binaries/Win64/../../../Engine/Shaders/IESLightProfilesCommon.usf" 231
"C:/Program Files/Epic Games/4.7/Engine/Binaries/Win64/../../../Engine/Shaders/LPVFinalPass.usf" 232
"C:/Program Files/Epic Games/4.7/Engine/Binaries/Win64/../../../Engine/Shaders/LPVCommon.usf" 233
"C:/Program Files/Epic Games/4.7/Engine/Binaries/Win64/../../../Engine/Shaders/DeferredDecal.usf" 234
"C:/Program Files/Epic Games/4.7/Engine/Binaries/Win64/../../../Engine/Shaders/PostProcessAmbientOcclusion.usf" 235
"C:/Program Files/Epic Games/4.7/Engine/Binaries/Win64/../../../Engine/Shaders/PostProcessAmbient.usf" 236
"C:/Program Files/Epic Games/4.7/Engine/Binaries/Win64/../../../Engine/Shaders/CubemapCommon.usf" 237
"C:/Program Files/Epic Games/4.7/Engine/Binaries/Win64/../../../Engine/Shaders/VelocityShader.usf" 238
"C:/Program Files/Epic Games/4.7/Engine/Binaries/Win64/../../../Engine/Shaders/Tessellation.usf" 239
"C:/Program Files/Epic Games/4.7/Engine/Binaries/Win64/../../../Engine/Shaders/FlatTessellation.usf" 240
"C:/Program Files/Epic Games/4.7/Engine/Binaries/Win64/../../../Engine/Shaders/PNTriangles.usf" 241
"C:/Program Files/Epic Games/4.7/Engine/Binaries/Win64/../../../Engine/Shaders/TranslucentLightingShaders.usf" 242
"C:/Program Files/Epic Games/4.7/Engine/Binaries/Win64/../../../Engine/Shaders/SHCommon.usf" 243
"C:/Program Files/Epic Games/4.7/Engine/Binaries/Win64/../../../Engine/Shaders/ShadowProjectionCommon.usf" 244
"C:/Program Files/Epic Games/4.7/Engine/Binaries/Win64/../../../Engine/Shaders/TranslucentLightInjectionShaders.usf" 245
"C:/Program Files/Epic Games/4.7/Engine/Binaries/Win64/../../../Engine/Shaders/LightFunctionCommon.usf" 246
"C:/Program Files/Epic Games/4.7/Engine/Binaries/Win64/../../../Engine/Shaders/TranslucentShadowDepthShaders.usf" 247
"C:/Program Files/Epic Games/4.7/Engine/Binaries/Win64/../../../Engine/Shaders/ShadowDepthCommon.usf" 248
"C:/Program Files/Epic Games/4.7/Engine/Binaries/Win64/../../../Engine/Shaders/TiledDeferredLightShaders.usf" 249
"C:/Program Files/Epic Games/4.7/Engine/Binaries/Win64/../../../Engine/Shaders/ShadowProjectionPixelShader.usf" 250
"C:/Program Files/Epic Games/4.7/Engine/Binaries/Win64/../../../Engine/Shaders/ShadowFilteringCommon.usf" 251
"C:/Program Files/Epic Games/4.7/Engine/Binaries/Win64/../../../Engine/Shaders/ShadowProjectionVertexShader.usf" 252
"C:/Program Files/Epic Games/4.7/Engine/Binaries/Win64/../../../Engine/Shaders/ShadowDepthPixelShader.usf" 253
"C:/Program Files/Epic Games/4.7/Engine/Binaries/Win64/../../../Engine/Shaders/LPVWriteVplCommon.usf" 254
"C:/Program Files/Epic Games/4.7/Engine/Binaries/Win64/../../../Engine/Shaders/LPVWriteCommon.usf" 255
"C:/Program Files/Epic Games/4.7/Engine/Binaries/Win64/../../../Engine/Shaders/ShadowDepthVertexShader.usf" 256
"C:/Program Files/Epic Games/4.7/Engine/Binaries/Win64/../../../Engine/Shaders/ShaderComplexityApplyPixelShader.usf" 257
"C:/Program Files/Epic Games/4.7/Engine/Binaries/Win64/../../../Engine/Shaders/ShaderComplexityApplyVertexShader.usf" 258
"C:/Program Files/Epic Games/4.7/Engine/Binaries/Win64/../../../Engine/Shaders/ShaderComplexityAccumulatePixelShader.usf" 259
"C:/Program Files/Epic Games/4.7/Engine/Binaries/Win64/../../../Engine/Shaders/HZBOcclusion.usf" 260
"C:/Program Files/Epic Games/4.7/Engine/Binaries/Win64/../../../Engine/Shaders/OcclusionQueryVertexShader.usf" 261
"C:/Program Files/Epic Games/4.7/Engine/Binaries/Win64/../../../Engine/Shaders/HitProxyPixelShader.usf" 262
"C:/Program Files/Epic Games/4.7/Engine/Binaries/Win64/../../../Engine/Shaders/HitProxyVertexShader.usf" 263
"C:/Program Files/Epic Games/4.7/Engine/Binaries/Win64/../../../Engine/Shaders/ReflectionEnvironmentShaders.usf" 264
"C:/Program Files/Epic Games/4.7/Engine/Binaries/Win64/../../../Engine/Shaders/ReflectionEnvironmentShared.usf" 265
"C:/Program Files/Epic Games/4.7/Engine/Binaries/Win64/../../../Engine/Shaders/SkyLightingShared.usf" 266
"C:/Program Files/Epic Games/4.7/Engine/Binaries/Win64/../../../Engine/Shaders/ReflectionEnvironmentComputeShaders.usf" 267
"C:/Program Files/Epic Games/4.7/Engine/Binaries/Win64/../../../Engine/Shaders/LightShaftShader.usf" 268
"C:/Program Files/Epic Games/4.7/Engine/Binaries/Win64/../../../Engine/Shaders/StationaryLightOverlapShaders.usf" 269
"C:/Program Files/Epic Games/4.7/Engine/Binaries/Win64/../../../Engine/Shaders/DeferredLightPixelShaders.usf" 270
"C:/Program Files/Epic Games/4.7/Engine/Binaries/Win64/../../../Engine/Shaders/DeferredLightVertexShaders.usf" 271
"C:/Program Files/Epic Games/4.7/Engine/Binaries/Win64/../../../Engine/Shaders/LPVVisualise.usf" 272
"C:/Program Files/Epic Games/4.7/Engine/Binaries/Win64/../../../Engine/Shaders/LPVGeometryVolumeCommon.usf" 273
"C:/Program Files/Epic Games/4.7/Engine/Binaries/Win64/../../../Engine/Shaders/LPVDirectLightInject.usf" 274
"C:/Program Files/Epic Games/4.7/Engine/Binaries/Win64/../../../Engine/Shaders/LPVPropagate.usf" 275
"C:/Program Files/Epic Games/4.7/Engine/Binaries/Win64/../../../Engine/Shaders/LPVBuildGeometryVolume.usf" 276
"C:/Program Files/Epic Games/4.7/Engine/Binaries/Win64/../../../Engine/Shaders/LPVInject_AccumulateVplLists.usf" 277
"C:/Program Files/Epic Games/4.7/Engine/Binaries/Win64/../../../Engine/Shaders/LPVInject_GenerateVplLists.usf" 278
"C:/Program Files/Epic Games/4.7/Engine/Binaries/Win64/../../../Engine/Shaders/LPVClearLists.usf" 279
"C:/Program Files/Epic Games/4.7/Engine/Binaries/Win64/../../../Engine/Shaders/LPVClear.usf" 280
"C:/Program Files/Epic Games/4.7/Engine/Binaries/Win64/../../../Engine/Shaders/LightMapDensityShader.usf" 281
"C:/Program Files/Epic Games/4.7/Engine/Binaries/Win64/../../../Engine/Shaders/LightFunctionPixelShader.usf" 282
"C:/Program Files/Epic Games/4.7/Engine/Binaries/Win64/../../../Engine/Shaders/LightFunctionVertexShader.usf" 283
"C:/Program Files/Epic Games/4.7/Engine/Binaries/Win64/../../../Engine/Shaders/HdrCustomResolveShaders.usf" 284
"C:/Program Files/Epic Games/4.7/Engine/Binaries/Win64/../../../Engine/Shaders/GPUBenchmark.usf" 285
"C:/Program Files/Epic Games/4.7/Engine/Binaries/Win64/../../../Engine/Shaders/GammaCorrection.usf" 286
"C:/Program Files/Epic Games/4.7/Engine/Binaries/Win64/../../../Engine/Shaders/BasePassForForwardShadingPixelShader.usf" 287
"C:/Program Files/Epic Games/4.7/Engine/Binaries/Win64/../../../Engine/Shaders/BasePassForForwardShadingCommon.usf" 288
"C:/Program Files/Epic Games/4.7/Engine/Binaries/Win64/../../../Engine/Shaders/LightmapCommon.usf" 289
"C:/Program Files/Epic Games/4.7/Engine/Binaries/Win64/../../../Engine/Shaders/BasePassForForwardShadingVertexShader.usf" 290
"C:/Program Files/Epic Games/4.7/Engine/Binaries/Win64/../../../Engine/Shaders/HeightFogCommon.usf" 291
"C:/Program Files/Epic Games/4.7/Engine/Binaries/Win64/../../../Engine/Shaders/HeightFogPixelShader.usf" 292
"C:/Program Files/Epic Games/4.7/Engine/Binaries/Win64/../../../Engine/Shaders/HeightFogVertexShader.usf" 293
"C:/Program Files/Epic Games/4.7/Engine/Binaries/Win64/../../../Engine/Shaders/DistortAccumulatePS.usf" 294
"C:/Program Files/Epic Games/4.7/Engine/Binaries/Win64/../../../Engine/Shaders/DistortAccumulateVS.usf" 295
"C:/Program Files/Epic Games/4.7/Engine/Binaries/Win64/../../../Engine/Shaders/DistortApplyScreenPS.usf" 296
"C:/Program Files/Epic Games/4.7/Engine/Binaries/Win64/../../../Engine/Shaders/DistanceFieldSurfaceCacheLighting.usf" 297
"C:/Program Files/Epic Games/4.7/Engine/Binaries/Win64/../../../Engine/Shaders/DistanceFieldLightingShared.usf" 298
"C:/Program Files/Epic Games/4.7/Engine/Binaries/Win64/../../../Engine/Shaders/DistanceFieldAOShared.usf" 299
"C:/Program Files/Epic Games/4.7/Engine/Binaries/Win64/../../../Engine/Shaders/SkyLighting.usf" 300
"C:/Program Files/Epic Games/4.7/Engine/Binaries/Win64/../../../Engine/Shaders/DistanceFieldSurfaceCacheLightingCompute.usf" 301
"C:/Program Files/Epic Games/4.7/Engine/Binaries/Win64/../../../Engine/Shaders/DistanceFieldShadowing.usf" 302
"C:/Program Files/Epic Games/4.7/Engine/Binaries/Win64/../../../Engine/Shaders/DepthOnlyPixelShader.usf" 303
"C:/Program Files/Epic Games/4.7/Engine/Binaries/Win64/../../../Engine/Shaders/DepthOnlyVertexShader.usf" 304
"C:/Program Files/Epic Games/4.7/Engine/Binaries/Win64/../../../Engine/Shaders/PositionOnlyDepthVertexShader.usf" 305
"C:/Program Files/Epic Games/4.7/Engine/Binaries/Win64/../../../Engine/Shaders/DownsampleDepthPixelShader.usf" 306
"C:/Program Files/Epic Games/4.7/Engine/Binaries/Win64/../../../Engine/Shaders/BasePassPixelShader.usf" 307
"C:/Program Files/Epic Games/4.7/Engine/Binaries/Win64/../../../Engine/Shaders/BasePassCommon.usf" 308
"C:/Program Files/Epic Games/4.7/Engine/Binaries/Win64/../../../Engine/Shaders/BasePassVertexShader.usf" 309
"C:/Program Files/Epic Games/4.7/Engine/Binaries/Win64/../../../Engine/Shaders/BasePassVertexCommon.usf" 310
"C:/Program Files/Epic Games/4.7/Engine/Binaries/Win64/../../../Engine/Shaders/BasePassTessellationShaders.usf" 311
"C:/Program Files/Epic Games/4.7/Engine/Binaries/Win64/../../../Engine/Shaders/AtmospherePrecompute.usf" 312
"C:/Program Files/Epic Games/4.7/Engine/Binaries/Win64/../../../Engine/Shaders/AtmospherePrecomputeCommon.usf" 313
"C:/Program Files/Epic Games/4.7/Engine/Binaries/Win64/../../../Engine/Shaders/AtmospherePrecomputeInscatter.usf" 314
"C:/Program Files/Epic Games/4.7/Engine/Binaries/Win64/../../../Engine/Shaders/AtmosphericFogShader.usf" 315
"C:/Program Files/Epic Games/4.7/Engine/Binaries/Win64/../../../Engine/Shaders/ParticleSortKeyGen.usf" 316
"C:/Program Files/Epic Games/4.7/Engine/Binaries/Win64/../../../Engine/Shaders/ParticleBoundsShader.usf" 317
"C:/Program Files/Epic Games/4.7/Engine/Binaries/Win64/../../../Engine/Shaders/ParticleSimVisualizeShader.usf" 318
"C:/Program Files/Epic Games/4.7/Engine/Binaries/Win64/../../../Engine/Shaders/ParticleInjectionShader.usf" 319
"C:/Program Files/Epic Games/4.7/Engine/Binaries/Win64/../../../Engine/Shaders/ParticleSimulationShader.usf" 320
"C:/Program Files/Epic Games/4.7/Engine/Binaries/Win64/../../../Engine/Shaders/ParticleCurveInjectionShader.usf" 321
"C:/Program Files/Epic Games/4.7/Engine/Binaries/Win64/../../../Engine/Shaders/VectorFieldCompositeShaders.usf" 322
"C:/Program Files/Epic Games/4.7/Engine/Binaries/Win64/../../../Engine/Shaders/UpdateTextureShaders.usf" 323
"C:/Program Files/Epic Games/4.7/Engine/Binaries/Win64/../../../Engine/Shaders/SimpleElementColorChannelMaskPixelShader.usf" 324
"C:/Program Files/Epic Games/4.7/Engine/Binaries/Win64/../../../Engine/Shaders/SimpleElementHitProxyPixelShader.usf" 325
"C:/Program Files/Epic Games/4.7/Engine/Binaries/Win64/../../../Engine/Shaders/SimpleElementPixelShader.usf" 326
"C:/Program Files/Epic Games/4.7/Engine/Binaries/Win64/../../../Engine/Shaders/ColorUtils.usf" 327
"C:/Program Files/Epic Games/4.7/Engine/Binaries/Win64/../../../Engine/Shaders/SimpleElementVertexShader.usf" 328
"C:/Program Files/Epic Games/4.7/Engine/Binaries/Win64/../../../Engine/Shaders/ScreenVertexShader.usf" 329
"C:/Program Files/Epic Games/4.7/Engine/Binaries/Win64/../../../Engine/Shaders/ScreenPixelShader.usf" 330
"C:/Program Files/Epic Games/4.7/Engine/Binaries/Win64/../../../Engine/Shaders/RadixSortShaders.usf" 331
"C:/Program Files/Epic Games/4.7/Engine/Binaries/Win64/../../../Engine/Shaders/GpuSkinCacheComputeShader.usf" 332
"C:/Program Files/Epic Games/4.7/Engine/Binaries/Win64/../../../Engine/Shaders/NullPixelShader.usf" 333
"C:/Program Files/Epic Games/4.7/Engine/Binaries/Win64/../../../Engine/Shaders/ClearReplacementShaders.usf" 334
"C:/Program Files/Epic Games/4.7/Engine/Binaries/Win64/../../../Engine/Shaders/SimpleElementTexture2DPreviewPixelShader.usf" 335
"C:/Program Files/Epic Games/4.7/Engine/Binaries/Win64/../../../Engine/Shaders/SimpleElementNormalMapPixelShader.usf" 336
"C:/Program Files/Epic Games/4.7/Engine/Binaries/Win64/../../../Engine/Shaders/meshpaintdilatepixelshader.usf" 337
"C:/Program Files/Epic Games/4.7/Engine/Binaries/Win64/../../../Engine/Shaders/meshpaintdilatevertexshader.usf" 338
"C:/Program Files/Epic Games/4.7/Engine/Binaries/Win64/../../../Engine/Shaders/MeshPaintPixelShader.usf" 339
"C:/Program Files/Epic Games/4.7/Engine/Binaries/Win64/../../../Engine/Shaders/MeshPaintVertexShader.usf" 340
"../../../Engine/Config/Android/AndroidEngine.ini" 341
"../../../Engine/Config/HTML5/HTML5Engine.ini" 342
"../../../Engine/Config/IOS/IOSEngine.ini" 343
"../../../Engine/Config/Linux/LinuxEngine.ini" 344
"C:/Users/??????/AppData/Local/UnrealEngine/4.7/DerivedDataCache/Boot.ddc" 345
"../../../Engine/DerivedDataCache/Compressed.ddp" 346
"../../../Engine/Content/EditorResources/S_Actor.uasset" 347
"../../../Engine/Content/EditorLandscapeResources/DataLayer.uasset" 348
"../../../Engine/Content/Maps/Templates/Thumbnails/Default.uasset" 349
"../../../Engine/Content/EditorMaterials/ParticleSystems/PSysThumbnail_NoImage.uasset" 350
"../../../Engine/Content/EditorMaterials/ParticleSystems/PSysThumbnail_OOD.uasset" 351
"../../../Engine/Content/EngineFonts/Roboto.uasset" 352
"../../../Engine/Content/EngineMaterials/Widget3DPassThrough_Translucent.uasset" 353
"../../../Engine/Content/EngineMaterials/Widget3DPassThrough.uasset" 354
"../../../Engine/Content/EngineResources/WhiteSquareTexture.uasset" 355
"../../../Engine/Content/Functions/Engine_MaterialFunctions01/Shading/PowerToRoughness.uasset" 356
"../../../Engine/Content/Functions/Engine_MaterialFunctions01/Shading/ConvertFromDiffSpec.uasset" 357
"../../../Engine/Content/EngineMaterials/WorldGridMaterial.uasset" 358
"../../../Engine/Content/Functions/Engine_MaterialFunctions01/Opacity/CameraDepthFade.uasset" 359
"../../../Engine/Content/EngineMaterials/T_Default_Material_Grid_M.uasset" 360
"../../../Engine/Content/EngineMaterials/T_Default_Material_Grid_N.uasset" 361
"../../../Engine/Content/EngineMaterials/DefaultDeferredDecalMaterial.uasset" 362
"../../../Engine/Content/EngineMaterials/DefaultDiffuse.uasset" 363
"../../../Engine/Content/EngineMaterials/DefaultLightFunctionMaterial.uasset" 364
"../../../Engine/Content/EngineMaterials/DefaultPostProcessMaterial.uasset" 365
"../../../Engine/Content/Functions/Engine_MaterialFunctions02/Utility/BreakOutFloat2Components.uasset" 366
"../../../Engine/Content/EngineResources/DefaultTexture.uasset" 367
"../../../Engine/Content/EngineMaterials/Widget3DPassThrough_Translucent_OneSided.uasset" 368
"../../../Engine/Content/EngineMaterials/Widget3DPassThrough_Opaque.uasset" 369
"../../../Engine/Content/EngineMaterials/Widget3DPassThrough_Opaque_OneSided.uasset" 370
"../../../Engine/Content/EngineDamageTypes/DmgTypeBP_Environmental.uasset" 371
"../../../Engine/Content/EngineMeshes/Sphere.uasset" 372
"../../../Engine/Content/EngineFonts/RobotoDistanceField.uasset" 373
"../../../Engine/Content/EngineMaterials/DefaultTextMaterialOpaque.uasset" 374
"../../../Engine/Content/EditorResources/S_Trigger.uasset" 375
"../../../Engine/Content/EngineResources/GradientTexture0.uasset" 376
"../../../Engine/Content/EngineResources/Black.uasset" 377
"../../../Engine/Content/EditorMaterials/MatineeGroups/MAT_Groups_Float.uasset" 378
"../../../Engine/Content/EditorMaterials/MatineeGroups/MAT_Groups_Director.uasset" 379
"../../../Engine/Content/EditorMaterials/MatineeGroups/MAT_Groups_Event.uasset" 380
"../../../Engine/Content/EditorMaterials/MatineeGroups/MAT_Groups_Anim.uasset" 381
"../../../Engine/Content/EditorMaterials/MatineeGroups/MAT_Groups_Fade.uasset" 382
"../../../Engine/Content/EditorMaterials/MatineeGroups/MAT_Groups_Move.uasset" 383
"../../../Engine/Content/EditorMaterials/MatineeGroups/MAT_Groups_Slomo.uasset" 384
"../../../Engine/Content/EditorMaterials/MatineeGroups/MAT_ColorTrack.uasset" 385
"../../../Engine/Content/EditorMaterials/MAT_Groups_Toggle.uasset" 386
"../../../Engine/Content/EditorMaterials/MatineeGroups/MAT_Groups_AudioMaster.uasset" 387
"../../../Engine/Content/EditorMaterials/MatineeGroups/MAT_Groups_Sound.uasset" 388
"../../../Engine/Content/EditorMaterials/MatineeGroups/MAT_Groups_Vector.uasset" 389
"../../../Engine/Content/EditorMaterials/MAT_Groups_Visibility.uasset" 390
"../../../Engine/Content/EngineResources/DefaultTextureCube.uasset" 391
"../../../Engine/Content/EngineSounds/Master.uasset" 392
"../../../Engine/Content/EngineSounds/Music.uasset" 393
"../../../Engine/Content/EngineSounds/SFX.uasset" 394
"../../../Engine/Content/EngineSounds/Normal_Attack.uasset" 395
"../../../Engine/Content/EngineSounds/Special_Attack_PSM.uasset" 396
"../../../Engine/Content/EngineSounds/Duck_Normal_Attack_MixMod.uasset" 397
"../../../Engine/Content/EngineSounds/Voice.uasset" 398
"../../../Engine/Content/EngineMeshes/Cylinder.uasset" 399
"../../../Engine/Content/EngineMaterials/DefaultMaterial.uasset" 400
"../../../Engine/Content/EngineTireTypes/DefaultTireType.uasset" 401
"../../../Engine/Content/Editor/Slate/Fonts/FontAwesome.ttf" 402
"../../../Engine/Content/Editor/Slate/Fonts/DroidSansMono.ttf" 403
"../../../Engine/Content/Editor/Slate/Fonts/Roboto-BoldCondensed.ttf" 404
"../../../Engine/Content/Editor/Slate/Fonts/Roboto-Black.ttf" 405
"../../../Engine/Content/Editor/Slate/Fonts/Roboto-Italic.ttf" 406
"../../../Engine/Content/Editor/Slate/Fonts/Roboto-BoldCondensedItalic.ttf" 407
"../../../Engine/Plugins/2D/Paper2D/Content/MaskedUnlitSpriteMaterial.uasset" 408
"../../../Engine/Plugins/2D/Paper2D/Content/DefaultSpriteMaterial.uasset" 409
"../../../Engine/Plugins/2D/Paper2D/Content/DummySpriteTexture.uasset" 410
"../../../Engine/Plugins/2D/Paper2D/Content/OpaqueUnlitSpriteMaterial.uasset" 411
"../../../Engine/Plugins/2D/Paper2D/Content/DefaultPaperTerrainMaterial.uasset" 412
"../../../Engine/Plugins/2D/Paper2D/Content/DummySprite.uasset" 413
"C:/Users/??????/AppData/Local/UnrealEngine/4.7/Saved/Config/Windows/SourceControlSettings.ini" 414
"../../../../../../Users/??????/Documents/Unreal Projects/ue4snake/Intermediate/Config/CoalescedSourceConfigs/SourceControlSettings.ini" 415
"C:/Users/??????/Documents/Unreal Projects/ue4snake/Saved/Config/Windows/SourceControlSettings.ini" 416
"../../../Engine/Content/EngineMaterials/RemoveSurfaceMaterial.uasset" 417
"../../../Engine/Content/EngineDebugMaterials/DebugMeshMaterial.uasset" 418
"../../../Engine/Content/EngineMaterials/M_InvalidLightmapSettings.uasset" 419
"../../../Engine/Content/EngineMaterials/InvalidLightmapSettings.uasset" 420
"../../../Engine/Content/EditorMaterials/GizmoMaterial.uasset" 421
"../../../Engine/Content/EngineMaterials/Good64x64TilingNoiseHighFreq.uasset" 422
"../../../Engine/Content/EngineMaterials/DefaultBokeh.uasset" 423
"../../../Engine/Content/EngineMaterials/PreintegratedSkinBRDF.uasset" 424
"../../../Engine/Content/EngineMaterials/MiniFont.uasset" 425
"../../../Engine/Content/EngineMaterials/WeightMapPlaceholderTexture.uasset" 426
"../../../Engine/Content/EngineMaterials/DefaultWhiteGrid.uasset" 427
"../../../Engine/Content/EngineMaterials/DefaultPhysicalMaterial.uasset" 428
"../../../Engine/Content/EngineFonts/RobotoTiny.uasset" 429
"../../../../../../Users/??????/Documents/Unreal Projects/ue4snake/Intermediate/CachedAssetRegistry.bin" 430
"../../../../../../Users/??????/Documents/Unreal Projects/ue4snake/Content/SnakeBP/Materials/blue_tron.uasset" 431
"C:/Users/??????/AppData/Local/UnrealEngine/Common/DerivedDataCache/7/2/4/A047B50D4C15F0B5529FB3A1A80643D5.udd" 432
"C:/Users/??????/AppData/Local/UnrealEngine/Common/DerivedDataCache/6/2/0/B043470143CFD7F63B8117B0A3BD4E11.udd" 433
"C:/Users/??????/AppData/Local/UnrealEngine/Common/DerivedDataCache/3/8/7/35C7D27E437A3CE93D0EE8B0DCBAF4BF.udd" 434
"C:/Users/??????/AppData/Local/UnrealEngine/Common/DerivedDataCache/6/1/4/CCABD312498B9FF9D42DC095797E3BA8.udd" 435
"../../../Engine/Content/MobileResources/HUD/VirtualJoystick_Thumb.uasset" 436
"../../../Engine/Content/MobileResources/HUD/VirtualJoystick_Background.uasset" 437
"../../../Engine/Content/MobileResources/HUD/T_Castle_ThumbstickOutter.uasset" 438
"../../../Engine/Content/MobileResources/HUD/T_Castle_ThumbstickInner.uasset" 439
"../../../Engine/Content/MobileResources/HUD/MobileHUDDirectionStick.uasset" 440
"../../../Engine/Content/MobileResources/HUD/MobileHUDDirectionPad3.uasset" 441
"../../../Engine/Content/MobileResources/HUD/MobileHUDDirectionPad2.uasset" 442
"../../../Engine/Content/MobileResources/HUD/MobileHUDDirectionPad.uasset" 443
"../../../Engine/Content/MobileResources/HUD/MobileHUDButtonFire.uasset" 444
"../../../Engine/Content/MobileResources/HUD/MobileHUDButton3.uasset" 445
"../../../Engine/Content/MobileResources/HUD/MobileHUDButton2_on.uasset" 446
"../../../Engine/Content/MobileResources/HUD/MobileHUDButton2_off.uasset" 447
"../../../Engine/Content/MobileResources/HUD/MobileHUDButton1_on.uasset" 448
"../../../Engine/Content/MobileResources/HUD/MobileHUDButton1_off.uasset" 449
"../../../Engine/Content/MobileResources/HUD/LeftVirtualJoystickOnly.uasset" 450
"../../../Engine/Content/MobileResources/HUD/DefaultVirtualJoysticks.uasset" 451
"../../../Engine/Content/MobileResources/HUD/AnalogHat.uasset" 452
"../../../Engine/Content/MobileResources/T_MobileMenu2.uasset" 453
"../../../Engine/Content/MobileResources/T_MobileControls_texture.uasset" 454
"../../../Engine/Content/Maps/Entry.umap" 455
"../../../Engine/Content/EngineMaterials/DefaultNormal.uasset" 456
"../../../../../../Users/??????/Documents/Unreal Projects/ue4snake/Content/SnakeBP/Maps/SnakeMainMap.umap" 457
"../../../../../../Users/??????/Documents/Unreal Projects/ue4snake/Content/SnakeBP/Blueprints/SnakeGameMode.uasset" 458
"../../../Engine/Content/EditorBlueprintResources/StandardMacros.uasset" 459
"../../../../../../Users/??????/Documents/Unreal Projects/ue4snake/Content/SnakeBP/Blueprints/SnakePartActor.uasset" 460
"../../../../../../Users/??????/Documents/Unreal Projects/ue4snake/Content/SnakeBP/Blueprints/SnakePawn.uasset" 461
"../../../../../../Users/??????/Documents/Unreal Projects/ue4snake/Content/SnakeBP/Blueprints/snakestruct.uasset" 462
"../../../../../../Users/??????/Documents/Unreal Projects/ue4snake/Content/SnakeBP/Shapes/red_TronCube.uasset" 463
"../../../../../../Users/??????/Documents/Unreal Projects/ue4snake/Content/SnakeBP/Materials/red_tron.uasset" 464
"../../../../../../Users/??????/Documents/Unreal Projects/ue4snake/Content/SnakeBP/Materials/tron.uasset" 465
"../../../Engine/Content/Functions/Engine_MaterialFunctions02/Math/Pi.uasset" 466
"../../../../../../Users/??????/Documents/Unreal Projects/ue4snake/Content/SnakeBP/Textures/gradine.uasset" 467
"../../../../../../Users/??????/Documents/Unreal Projects/ue4snake/Content/SnakeBP/Blueprints/snakestates.uasset" 468
"../../../Engine/Content/EditorBlueprintResources/ActorMacros.uasset" 469
"../../../../../../Users/??????/Documents/Unreal Projects/ue4snake/Content/SnakeBP/Blueprints/WormActor.uasset" 470
"../../../../../../Users/??????/Documents/Unreal Projects/ue4snake/Content/SnakeBP/Shapes/blue_TronCube.uasset" 471
"../../../../../../Users/??????/Documents/Unreal Projects/ue4snake/Content/SnakeBP/Blueprints/SnakePlayerController.uasset" 472
"../../../../../../Users/??????/Documents/Unreal Projects/ue4snake/Content/SnakeBP/Materials/tron-grid.uasset" 473
"../../../../../../Users/??????/Documents/Unreal Projects/ue4snake/Content/SnakeBP/Textures/tron_texture.uasset" 474
"C:/Users/??????/AppData/Local/UnrealEngine/Common/DerivedDataCache/5/4/2/TEXTURE_75F87CE100B546AAB8A1C4132AF9DB17_AUTODXT_C66D053548B610513C2324A9E2435__CD850CC0DE720C39A9E71FB46EC0BAD19117F840.udd" 475
"C:/Users/??????/AppData/Local/UnrealEngine/Common/DerivedDataCache/5/6/5/TEXTURE_75F87CE100B546AAB8A1C4132AF9DB17_AUTODXT_C66D053548B610513C2324A9E2435__0ED13F34BCDC1CA41EC25F05264590E48C6A2499.udd" 476
"C:/Users/??????/AppData/Local/UnrealEngine/Common/DerivedDataCache/6/3/7/TEXTURE_75F87CE100B546AAB8A1C4132AF9DB17_AUTODXT_C66D053548B610513C2324A9E2435__42C08516DAB0AEBC9C67B4ADC0D3D6A85D16DBC5.udd" 477
"C:/Users/??????/AppData/Local/UnrealEngine/Common/DerivedDataCache/9/5/9/TEXTURE_75F87CE100B546AAB8A1C4132AF9DB17_AUTODXT_FBCA42814A84EFE3C58CDA81922BF__B4E45C45A3002DF75D3285E9932A57403CDD2393.udd" 478
"C:/Users/??????/AppData/Local/UnrealEngine/Common/DerivedDataCache/3/6/4/TEXTURE_75F87CE100B546AAB8A1C4132AF9DB17_AUTODXT_FBCA42814A84EFE3C58CDA81922BF__907E4EB56AFCF8DE1A8CEBD4124DD20F03C87728.udd" 479
"C:/Users/??????/AppData/Local/UnrealEngine/Common/DerivedDataCache/7/1/7/TEXTURE_75F87CE100B546AAB8A1C4132AF9DB17_AUTODXT_FBCA42814A84EFE3C58CDA81922BF__A28A4B30457919C6CE2529B7B11839B9CAF17B71.udd" 480
"C:/Users/??????/AppData/Local/UnrealEngine/Common/DerivedDataCache/8/6/2/TEXTURE_75F87CE100B546AAB8A1C4132AF9DB17_AUTODXT_A85D275C4CD0CB2EEEED8EB0684C7__EFD35A36C8BABDE45034F3E9358D9E315DBEBCDE.udd" 481
"C:/Users/??????/AppData/Local/UnrealEngine/Common/DerivedDataCache/1/7/5/TEXTURE_75F87CE100B546AAB8A1C4132AF9DB17_DXT1_7028252349ACF92C702E39A7CE73CF98__28C793A1C5E1D3C7BA68B1CF27F8551A494B4FBA.udd" 482
"C:/Users/??????/AppData/Local/UnrealEngine/Common/DerivedDataCache/6/6/9/TEXTURE_75F87CE100B546AAB8A1C4132AF9DB17_BGRA8_3F24C0C34B808529DEBE06A74935CC8__F4C45EA11C58FE7CD9A8B2C5CF832EC5933AC8FA.udd" 483
"C:/Users/??????/AppData/Local/UnrealEngine/Common/DerivedDataCache/5/1/0/MATSM_85DD00DAF10D45C79D4ED0306AF2628B_PCD3D_SM5_2__BC5N_DEV_SL_NODBUF4025CF59__8C35BF7251DFDDA253961698789555E6F23699FE.udd" 484
"C:/Users/??????/AppData/Local/UnrealEngine/Common/DerivedDataCache/3/7/3/MATSM_85DD00DAF10D45C79D4ED0306AF2628B_PCD3D_SM4_2__BC5N_DEV_SL_NODBUF4025CF59__D8FDA441F44F78D7890668EB822079448DA89CED.udd" 485
"C:/Users/??????/AppData/Local/UnrealEngine/Common/DerivedDataCache/2/9/2/STATICMESH_46A8778361B442A9523C54440EA1E9D_2C1BC8F50A7A43818AFE266EB43D9060_E3__E949F185C37168B2433533708E1C303E6609C2A2.udd" 486
"C:/Users/??????/AppData/Local/UnrealEngine/Common/DerivedDataCache/6/0/3/PHYSX_$7B1F0627AE$2DABEB$2D4206$2D8D78$2DE16BEB5DDC7E$7D_PHYSXPC_2021AB5C4D2C7__5BF2E85F2F5A79DD00169BCE6DFF7831F1890812.udd" 487
"C:/Users/??????/AppData/Local/UnrealEngine/Common/DerivedDataCache/4/7/4/PHYSX_$7B1F0627AE$2DABEB$2D4206$2D8D78$2DE16BEB5DDC7E$7D_PHYSXPC_16EDB2F74FA15__A97696579ABA9E2122247D96E507B5108093E5C7.udd" 488
"C:/Users/??????/AppData/Local/UnrealEngine/Common/DerivedDataCache/8/9/1/MATSM_85DD00DAF10D45C79D4ED0306AF2628B_PCD3D_SM5_2__BC5N_DEV_SL_NODBUFE351BD19__00A41B104F04A034ED06E97F4049A1B393CABB96.udd" 489
"C:/Users/??????/AppData/Local/UnrealEngine/Common/DerivedDataCache/8/6/2/MATSM_85DD00DAF10D45C79D4ED0306AF2628B_PCD3D_SM4_2__BC5N_DEV_SL_NODBUFE351BD19__B22DDA3701F2C7840C6A7FFFBC3ED8E99C8172F9.udd" 490
"C:/Users/??????/AppData/Local/UnrealEngine/Common/DerivedDataCache/9/1/5/PHYSX_$7B1F0627AE$2DABEB$2D4206$2D8D78$2DE16BEB5DDC7E$7D_PHYSXPC_39D5033B4CCE171D08E28096613AD1D5__1_0_13075_0.udd" 491
"C:/Users/??????/AppData/Local/UnrealEngine/Common/DerivedDataCache/5/5/9/PHYSXPC_FULL_5DF9E1AAB7CC4DCCB2965BA1A78DFE8_FE8106F943146507D4F983BE57360782.udd" 492
"C:/Users/??????/AppData/Local/UnrealEngine/Common/DerivedDataCache/4/6/2/PHYSXPC_VIS_5DF9E1AAB7CC4DCCB2965BA1A78DFE8_FE8106F943146507D4F983BE57360782.udd" 493
"../../../../../../Users/??????/Documents/Unreal Projects/ue4snake/Content/SnakeBP/Shapes/Shape_Cube.uasset" 494
"C:/Users/??????/AppData/Local/UnrealEngine/Common/DerivedDataCache/9/6/8/PHYSX_$7B1F0627AE$2DABEB$2D4206$2D8D78$2DE16BEB5DDC7E$7D_PHYSXPC_232FE4CA4BEA2__01FFE468366251FBFA2C04A63FD88B007DFC7A1F.udd" 495
"../../../../../../Users/??????/Documents/Unreal Projects/ue4snake/Content/SnakeBP/Materials/tron-grid_Inst.uasset" 496
"../../../../../../Users/??????/Documents/Unreal Projects/ue4snake/Content/SnakeBP/Maps/ThirdPersonExampleMap_C.uasset" 497
"../../../../../../Users/??????/Documents/Unreal Projects/ue4snake/Content/SnakeBP/Maps/ThirdPersonExampleMap.uasset" 498
"../../../../../../Users/??????/Documents/Unreal Projects/ue4snake/Content/SnakeBP/Maps/Default__ThirdPersonExampleMap_C.uasset" 499
